>>09-08-2023 09:22:49 [fullstackdb housekeeper] WARN  com.zaxxer.hikari.pool.HikariPool        ::-> fullstackdb - Thread starvation or clock leap detected (housekeeper delta=4h59m8s345ms633µs600ns). fullstackdb - Thread starvation or clock leap detected (housekeeper delta=4h59m8s345ms633µs600ns).
>>09-08-2023 09:50:15 [File Watcher] INFO  o.s.b.d.a.LocalDevToolsAutoConfiguration$RestartingClassPathChangeChangedEventListener ::-> Restarting due to 1 class path change (1 addition, 0 deletions, 0 modifications) Restarting due to 1 class path change (1 addition, 0 deletions, 0 modifications)
>>09-08-2023 09:50:15 [Thread-5] INFO  o.apache.coyote.http11.Http11NioProtocol ::-> Pausing ProtocolHandler ["http-nio-8081"] Pausing ProtocolHandler ["http-nio-8081"]
>>09-08-2023 09:50:15 [Thread-5] INFO  o.apache.catalina.core.StandardService   ::-> Stopping service [Tomcat] Stopping service [Tomcat]
>>09-08-2023 09:50:15 [Thread-5] INFO  o.apache.coyote.http11.Http11NioProtocol ::-> Stopping ProtocolHandler ["http-nio-8081"] Stopping ProtocolHandler ["http-nio-8081"]
>>09-08-2023 09:50:15 [Thread-5] INFO  o.apache.coyote.http11.Http11NioProtocol ::-> Destroying ProtocolHandler ["http-nio-8081"] Destroying ProtocolHandler ["http-nio-8081"]
>>09-08-2023 09:50:15 [Thread-5] INFO  o.s.o.j.LocalContainerEntityManagerFactoryBean ::-> Closing JPA EntityManagerFactory for persistence unit 'default' Closing JPA EntityManagerFactory for persistence unit 'default'
>>09-08-2023 09:50:15 [Thread-5] INFO  com.zaxxer.hikari.HikariDataSource       ::-> fullstackdb - Shutdown initiated... fullstackdb - Shutdown initiated...
>>09-08-2023 09:50:15 [Thread-5] INFO  com.zaxxer.hikari.HikariDataSource       ::-> fullstackdb - Shutdown completed. fullstackdb - Shutdown completed.
>>09-08-2023 09:50:15 [restartedMain] INFO  c.p.b.OreillyFullStackAppBakApplication  ::-> Starting OreillyFullStackAppBakApplication using Java 17.0.7 with PID 26160 (C:\Users\pandi\codeWorkspace\SPRINGPROJECTS\OreillyFullStackSpringReactApp\OreillyFullStackAppBak\target\classes started by pandi in C:\Users\pandi\codeWorkspace\SPRINGPROJECTS\OreillyFullStackSpringReactApp\OreillyFullStackAppBak) Starting OreillyFullStackAppBakApplication using Java 17.0.7 with PID 26160 (C:\Users\pandi\codeWorkspace\SPRINGPROJECTS\OreillyFullStackSpringReactApp\OreillyFullStackAppBak\target\classes started by pandi in C:\Users\pandi\codeWorkspace\SPRINGPROJECTS\OreillyFullStackSpringReactApp\OreillyFullStackAppBak)
>>09-08-2023 09:50:15 [restartedMain] INFO  c.p.b.OreillyFullStackAppBakApplication  ::-> No active profile set, falling back to 1 default profile: "default" No active profile set, falling back to 1 default profile: "default"
>>09-08-2023 09:50:16 [restartedMain] INFO  o.s.d.r.c.RepositoryConfigurationDelegate ::-> Bootstrapping Spring Data JPA repositories in DEFAULT mode. Bootstrapping Spring Data JPA repositories in DEFAULT mode.
>>09-08-2023 09:50:16 [restartedMain] INFO  o.s.d.r.c.RepositoryConfigurationDelegate ::-> Finished Spring Data repository scanning in 1 ms. Found 0 JPA repository interfaces. Finished Spring Data repository scanning in 1 ms. Found 0 JPA repository interfaces.
>>09-08-2023 09:50:16 [restartedMain] INFO  o.s.b.w.embedded.tomcat.TomcatWebServer  ::-> Tomcat initialized with port(s): 8081 (http) Tomcat initialized with port(s): 8081 (http)
>>09-08-2023 09:50:16 [restartedMain] INFO  o.apache.coyote.http11.Http11NioProtocol ::-> Initializing ProtocolHandler ["http-nio-8081"] Initializing ProtocolHandler ["http-nio-8081"]
>>09-08-2023 09:50:16 [restartedMain] INFO  o.apache.catalina.core.StandardService   ::-> Starting service [Tomcat] Starting service [Tomcat]
>>09-08-2023 09:50:16 [restartedMain] INFO  org.apache.catalina.core.StandardEngine  ::-> Starting Servlet engine: [Apache Tomcat/10.1.11] Starting Servlet engine: [Apache Tomcat/10.1.11]
>>09-08-2023 09:50:16 [restartedMain] INFO  o.a.c.c.C.[.[localhost].[/oreillyapp]    ::-> Initializing Spring embedded WebApplicationContext Initializing Spring embedded WebApplicationContext
>>09-08-2023 09:50:16 [restartedMain] INFO  o.s.b.w.s.c.ServletWebServerApplicationContext ::-> Root WebApplicationContext: initialization completed in 286 ms Root WebApplicationContext: initialization completed in 286 ms
>>09-08-2023 09:50:16 [restartedMain] INFO  o.hibernate.jpa.internal.util.LogHelper  ::-> HHH000204: Processing PersistenceUnitInfo [name: default] HHH000204: Processing PersistenceUnitInfo [name: default]
>>09-08-2023 09:50:16 [restartedMain] INFO  o.h.b.internal.BytecodeProviderInitiator ::-> HHH000021: Bytecode provider name : bytebuddy HHH000021: Bytecode provider name : bytebuddy
>>09-08-2023 09:50:16 [restartedMain] INFO  o.s.o.j.p.SpringPersistenceUnitInfo      ::-> No LoadTimeWeaver setup: ignoring JPA class transformer No LoadTimeWeaver setup: ignoring JPA class transformer
>>09-08-2023 09:50:16 [restartedMain] INFO  com.zaxxer.hikari.HikariDataSource       ::-> fullstackdb - Starting... fullstackdb - Starting...
>>09-08-2023 09:50:16 [restartedMain] INFO  com.zaxxer.hikari.pool.HikariPool        ::-> fullstackdb - Added connection org.postgresql.jdbc.PgConnection@29791fd9 fullstackdb - Added connection org.postgresql.jdbc.PgConnection@29791fd9
>>09-08-2023 09:50:16 [restartedMain] INFO  com.zaxxer.hikari.HikariDataSource       ::-> fullstackdb - Start completed. fullstackdb - Start completed.
>>09-08-2023 09:50:16 [restartedMain] INFO  o.h.b.internal.BytecodeProviderInitiator ::-> HHH000021: Bytecode provider name : bytebuddy HHH000021: Bytecode provider name : bytebuddy
>>09-08-2023 09:50:16 [restartedMain] INFO  o.h.e.t.j.p.i.JtaPlatformInitiator       ::-> HHH000490: Using JtaPlatform implementation: [org.hibernate.engine.transaction.jta.platform.internal.NoJtaPlatform] HHH000490: Using JtaPlatform implementation: [org.hibernate.engine.transaction.jta.platform.internal.NoJtaPlatform]
>>09-08-2023 09:50:16 [restartedMain] INFO  o.s.o.j.LocalContainerEntityManagerFactoryBean ::-> Initialized JPA EntityManagerFactory for persistence unit 'default' Initialized JPA EntityManagerFactory for persistence unit 'default'
>>09-08-2023 09:50:16 [restartedMain] WARN  o.s.b.a.o.j.JpaBaseConfiguration$JpaWebConfiguration ::-> spring.jpa.open-in-view is enabled by default. Therefore, database queries may be performed during view rendering. Explicitly configure spring.jpa.open-in-view to disable this warning spring.jpa.open-in-view is enabled by default. Therefore, database queries may be performed during view rendering. Explicitly configure spring.jpa.open-in-view to disable this warning
>>09-08-2023 09:50:16 [restartedMain] INFO  o.s.b.d.a.OptionalLiveReloadServer       ::-> LiveReload server is running on port 35729 LiveReload server is running on port 35729
>>09-08-2023 09:50:16 [restartedMain] INFO  o.apache.coyote.http11.Http11NioProtocol ::-> Starting ProtocolHandler ["http-nio-8081"] Starting ProtocolHandler ["http-nio-8081"]
>>09-08-2023 09:50:16 [restartedMain] INFO  o.s.b.w.embedded.tomcat.TomcatWebServer  ::-> Tomcat started on port(s): 8081 (http) with context path '/oreillyapp' Tomcat started on port(s): 8081 (http) with context path '/oreillyapp'
>>09-08-2023 09:50:16 [restartedMain] INFO  c.p.b.OreillyFullStackAppBakApplication  ::-> Started OreillyFullStackAppBakApplication in 0.677 seconds (process running for 43783.929) Started OreillyFullStackAppBakApplication in 0.677 seconds (process running for 43783.929)
>>09-08-2023 09:50:16 [restartedMain] INFO  o.s.b.d.a.ConditionEvaluationDeltaLoggingListener ::-> Condition evaluation unchanged Condition evaluation unchanged
>>09-08-2023 09:50:16 [restartedMain] INFO  c.p.b.OreillyFullStackAppBakApplication  ::-> ************************************************* *************************************************
>>09-08-2023 09:50:16 [restartedMain] INFO  c.p.b.OreillyFullStackAppBakApplication  ::-> bak app started bak app started
>>09-08-2023 09:50:16 [restartedMain] INFO  c.p.b.OreillyFullStackAppBakApplication  ::-> ************************************************* *************************************************
>>09-08-2023 09:53:05 [File Watcher] INFO  o.s.b.d.a.LocalDevToolsAutoConfiguration$RestartingClassPathChangeChangedEventListener ::-> Restarting due to 1 class path change (0 additions, 0 deletions, 1 modification) Restarting due to 1 class path change (0 additions, 0 deletions, 1 modification)
>>09-08-2023 09:53:05 [Thread-7] INFO  o.apache.coyote.http11.Http11NioProtocol ::-> Pausing ProtocolHandler ["http-nio-8081"] Pausing ProtocolHandler ["http-nio-8081"]
>>09-08-2023 09:53:05 [Thread-7] INFO  o.apache.catalina.core.StandardService   ::-> Stopping service [Tomcat] Stopping service [Tomcat]
>>09-08-2023 09:53:05 [Thread-7] INFO  o.apache.coyote.http11.Http11NioProtocol ::-> Stopping ProtocolHandler ["http-nio-8081"] Stopping ProtocolHandler ["http-nio-8081"]
>>09-08-2023 09:53:05 [Thread-7] INFO  o.apache.coyote.http11.Http11NioProtocol ::-> Destroying ProtocolHandler ["http-nio-8081"] Destroying ProtocolHandler ["http-nio-8081"]
>>09-08-2023 09:53:05 [Thread-7] INFO  o.s.o.j.LocalContainerEntityManagerFactoryBean ::-> Closing JPA EntityManagerFactory for persistence unit 'default' Closing JPA EntityManagerFactory for persistence unit 'default'
>>09-08-2023 09:53:05 [Thread-7] INFO  com.zaxxer.hikari.HikariDataSource       ::-> fullstackdb - Shutdown initiated... fullstackdb - Shutdown initiated...
>>09-08-2023 09:53:05 [Thread-7] INFO  com.zaxxer.hikari.HikariDataSource       ::-> fullstackdb - Shutdown completed. fullstackdb - Shutdown completed.
>>09-08-2023 09:53:05 [restartedMain] INFO  c.p.b.OreillyFullStackAppBakApplication  ::-> Starting OreillyFullStackAppBakApplication using Java 17.0.7 with PID 26160 (C:\Users\pandi\codeWorkspace\SPRINGPROJECTS\OreillyFullStackSpringReactApp\OreillyFullStackAppBak\target\classes started by pandi in C:\Users\pandi\codeWorkspace\SPRINGPROJECTS\OreillyFullStackSpringReactApp\OreillyFullStackAppBak) Starting OreillyFullStackAppBakApplication using Java 17.0.7 with PID 26160 (C:\Users\pandi\codeWorkspace\SPRINGPROJECTS\OreillyFullStackSpringReactApp\OreillyFullStackAppBak\target\classes started by pandi in C:\Users\pandi\codeWorkspace\SPRINGPROJECTS\OreillyFullStackSpringReactApp\OreillyFullStackAppBak)
>>09-08-2023 09:53:05 [restartedMain] INFO  c.p.b.OreillyFullStackAppBakApplication  ::-> No active profile set, falling back to 1 default profile: "default" No active profile set, falling back to 1 default profile: "default"
>>09-08-2023 09:53:05 [restartedMain] INFO  o.s.d.r.c.RepositoryConfigurationDelegate ::-> Bootstrapping Spring Data JPA repositories in DEFAULT mode. Bootstrapping Spring Data JPA repositories in DEFAULT mode.
>>09-08-2023 09:53:05 [restartedMain] INFO  o.s.d.r.c.RepositoryConfigurationDelegate ::-> Finished Spring Data repository scanning in 1 ms. Found 0 JPA repository interfaces. Finished Spring Data repository scanning in 1 ms. Found 0 JPA repository interfaces.
>>09-08-2023 09:53:05 [restartedMain] INFO  o.s.b.w.embedded.tomcat.TomcatWebServer  ::-> Tomcat initialized with port(s): 8081 (http) Tomcat initialized with port(s): 8081 (http)
>>09-08-2023 09:53:05 [restartedMain] INFO  o.apache.coyote.http11.Http11NioProtocol ::-> Initializing ProtocolHandler ["http-nio-8081"] Initializing ProtocolHandler ["http-nio-8081"]
>>09-08-2023 09:53:05 [restartedMain] INFO  o.apache.catalina.core.StandardService   ::-> Starting service [Tomcat] Starting service [Tomcat]
>>09-08-2023 09:53:05 [restartedMain] INFO  org.apache.catalina.core.StandardEngine  ::-> Starting Servlet engine: [Apache Tomcat/10.1.11] Starting Servlet engine: [Apache Tomcat/10.1.11]
>>09-08-2023 09:53:05 [restartedMain] INFO  o.a.c.c.C.[.[localhost].[/oreillyapp]    ::-> Initializing Spring embedded WebApplicationContext Initializing Spring embedded WebApplicationContext
>>09-08-2023 09:53:05 [restartedMain] INFO  o.s.b.w.s.c.ServletWebServerApplicationContext ::-> Root WebApplicationContext: initialization completed in 273 ms Root WebApplicationContext: initialization completed in 273 ms
>>09-08-2023 09:53:05 [restartedMain] INFO  o.hibernate.jpa.internal.util.LogHelper  ::-> HHH000204: Processing PersistenceUnitInfo [name: default] HHH000204: Processing PersistenceUnitInfo [name: default]
>>09-08-2023 09:53:05 [restartedMain] INFO  o.h.b.internal.BytecodeProviderInitiator ::-> HHH000021: Bytecode provider name : bytebuddy HHH000021: Bytecode provider name : bytebuddy
>>09-08-2023 09:53:05 [restartedMain] INFO  o.s.o.j.p.SpringPersistenceUnitInfo      ::-> No LoadTimeWeaver setup: ignoring JPA class transformer No LoadTimeWeaver setup: ignoring JPA class transformer
>>09-08-2023 09:53:05 [restartedMain] INFO  com.zaxxer.hikari.HikariDataSource       ::-> fullstackdb - Starting... fullstackdb - Starting...
>>09-08-2023 09:53:05 [restartedMain] INFO  com.zaxxer.hikari.pool.HikariPool        ::-> fullstackdb - Added connection org.postgresql.jdbc.PgConnection@7c46a1d3 fullstackdb - Added connection org.postgresql.jdbc.PgConnection@7c46a1d3
>>09-08-2023 09:53:05 [restartedMain] INFO  com.zaxxer.hikari.HikariDataSource       ::-> fullstackdb - Start completed. fullstackdb - Start completed.
>>09-08-2023 09:53:05 [restartedMain] INFO  o.h.b.internal.BytecodeProviderInitiator ::-> HHH000021: Bytecode provider name : bytebuddy HHH000021: Bytecode provider name : bytebuddy
>>09-08-2023 09:53:05 [restartedMain] INFO  o.h.e.t.j.p.i.JtaPlatformInitiator       ::-> HHH000490: Using JtaPlatform implementation: [org.hibernate.engine.transaction.jta.platform.internal.NoJtaPlatform] HHH000490: Using JtaPlatform implementation: [org.hibernate.engine.transaction.jta.platform.internal.NoJtaPlatform]
>>09-08-2023 09:53:05 [restartedMain] INFO  o.s.o.j.LocalContainerEntityManagerFactoryBean ::-> Initialized JPA EntityManagerFactory for persistence unit 'default' Initialized JPA EntityManagerFactory for persistence unit 'default'
>>09-08-2023 09:53:05 [restartedMain] WARN  o.s.b.a.o.j.JpaBaseConfiguration$JpaWebConfiguration ::-> spring.jpa.open-in-view is enabled by default. Therefore, database queries may be performed during view rendering. Explicitly configure spring.jpa.open-in-view to disable this warning spring.jpa.open-in-view is enabled by default. Therefore, database queries may be performed during view rendering. Explicitly configure spring.jpa.open-in-view to disable this warning
>>09-08-2023 09:53:05 [restartedMain] INFO  o.s.b.d.a.OptionalLiveReloadServer       ::-> LiveReload server is running on port 35729 LiveReload server is running on port 35729
>>09-08-2023 09:53:05 [restartedMain] INFO  o.apache.coyote.http11.Http11NioProtocol ::-> Starting ProtocolHandler ["http-nio-8081"] Starting ProtocolHandler ["http-nio-8081"]
>>09-08-2023 09:53:05 [restartedMain] INFO  o.s.b.w.embedded.tomcat.TomcatWebServer  ::-> Tomcat started on port(s): 8081 (http) with context path '/oreillyapp' Tomcat started on port(s): 8081 (http) with context path '/oreillyapp'
>>09-08-2023 09:53:05 [restartedMain] INFO  c.p.b.OreillyFullStackAppBakApplication  ::-> Started OreillyFullStackAppBakApplication in 0.533 seconds (process running for 43953.106) Started OreillyFullStackAppBakApplication in 0.533 seconds (process running for 43953.106)
>>09-08-2023 09:53:05 [restartedMain] INFO  o.s.b.d.a.ConditionEvaluationDeltaLoggingListener ::-> Condition evaluation unchanged Condition evaluation unchanged
>>09-08-2023 09:53:05 [restartedMain] INFO  c.p.b.OreillyFullStackAppBakApplication  ::-> ************************************************* *************************************************
>>09-08-2023 09:53:05 [restartedMain] INFO  c.p.b.OreillyFullStackAppBakApplication  ::-> bak app started bak app started
>>09-08-2023 09:53:05 [restartedMain] INFO  c.p.b.OreillyFullStackAppBakApplication  ::-> ************************************************* *************************************************
