>>08-08-2023 09:39:54 [restartedMain] INFO  c.p.b.OreillyFullStackAppBakApplication  ::-> Starting OreillyFullStackAppBakApplication using Java 17.0.7 with PID 23060 (C:\Users\pandi\codeWorkspace\SPRINGPROJECTS\OreillyFullStackSpringReactApp\OreillyFullStackAppBak\target\classes started by pandi in C:\Users\pandi\codeWorkspace\SPRINGPROJECTS\OreillyFullStackSpringReactApp\OreillyFullStackAppBak) Starting OreillyFullStackAppBakApplication using Java 17.0.7 with PID 23060 (C:\Users\pandi\codeWorkspace\SPRINGPROJECTS\OreillyFullStackSpringReactApp\OreillyFullStackAppBak\target\classes started by pandi in C:\Users\pandi\codeWorkspace\SPRINGPROJECTS\OreillyFullStackSpringReactApp\OreillyFullStackAppBak)
>>08-08-2023 09:39:54 [restartedMain] INFO  c.p.b.OreillyFullStackAppBakApplication  ::-> No active profile set, falling back to 1 default profile: "default" No active profile set, falling back to 1 default profile: "default"
>>08-08-2023 09:39:54 [restartedMain] INFO  o.s.d.r.c.RepositoryConfigurationDelegate ::-> Bootstrapping Spring Data JPA repositories in DEFAULT mode. Bootstrapping Spring Data JPA repositories in DEFAULT mode.
>>08-08-2023 09:39:54 [restartedMain] INFO  o.s.d.r.c.RepositoryConfigurationDelegate ::-> Finished Spring Data repository scanning in 1 ms. Found 0 JPA repository interfaces. Finished Spring Data repository scanning in 1 ms. Found 0 JPA repository interfaces.
>>08-08-2023 09:39:54 [restartedMain] INFO  o.s.b.w.embedded.tomcat.TomcatWebServer  ::-> Tomcat initialized with port(s): 8081 (http) Tomcat initialized with port(s): 8081 (http)
>>08-08-2023 09:39:54 [restartedMain] INFO  o.apache.catalina.core.StandardService   ::-> Starting service [Tomcat] Starting service [Tomcat]
>>08-08-2023 09:39:54 [restartedMain] INFO  org.apache.catalina.core.StandardEngine  ::-> Starting Servlet engine: [Apache Tomcat/10.1.11] Starting Servlet engine: [Apache Tomcat/10.1.11]
>>08-08-2023 09:39:54 [restartedMain] INFO  o.a.c.c.C.[.[localhost].[/oreillyapp]    ::-> Initializing Spring embedded WebApplicationContext Initializing Spring embedded WebApplicationContext
>>08-08-2023 09:39:54 [restartedMain] INFO  o.s.b.w.s.c.ServletWebServerApplicationContext ::-> Root WebApplicationContext: initialization completed in 231 ms Root WebApplicationContext: initialization completed in 231 ms
>>08-08-2023 09:39:54 [restartedMain] INFO  o.hibernate.jpa.internal.util.LogHelper  ::-> HHH000204: Processing PersistenceUnitInfo [name: default] HHH000204: Processing PersistenceUnitInfo [name: default]
>>08-08-2023 09:39:54 [restartedMain] INFO  o.h.b.internal.BytecodeProviderInitiator ::-> HHH000021: Bytecode provider name : bytebuddy HHH000021: Bytecode provider name : bytebuddy
>>08-08-2023 09:39:54 [restartedMain] INFO  o.s.o.j.p.SpringPersistenceUnitInfo      ::-> No LoadTimeWeaver setup: ignoring JPA class transformer No LoadTimeWeaver setup: ignoring JPA class transformer
>>08-08-2023 09:39:54 [restartedMain] INFO  com.zaxxer.hikari.HikariDataSource       ::-> fullstackdb - Starting... fullstackdb - Starting...
>>08-08-2023 09:39:54 [restartedMain] INFO  com.zaxxer.hikari.pool.HikariPool        ::-> fullstackdb - Added connection org.postgresql.jdbc.PgConnection@3076f294 fullstackdb - Added connection org.postgresql.jdbc.PgConnection@3076f294
>>08-08-2023 09:39:54 [restartedMain] INFO  com.zaxxer.hikari.HikariDataSource       ::-> fullstackdb - Start completed. fullstackdb - Start completed.
>>08-08-2023 09:39:54 [restartedMain] INFO  o.h.b.internal.BytecodeProviderInitiator ::-> HHH000021: Bytecode provider name : bytebuddy HHH000021: Bytecode provider name : bytebuddy
>>08-08-2023 09:39:54 [restartedMain] INFO  o.h.e.t.j.p.i.JtaPlatformInitiator       ::-> HHH000490: Using JtaPlatform implementation: [org.hibernate.engine.transaction.jta.platform.internal.NoJtaPlatform] HHH000490: Using JtaPlatform implementation: [org.hibernate.engine.transaction.jta.platform.internal.NoJtaPlatform]
>>08-08-2023 09:39:54 [restartedMain] INFO  o.s.o.j.LocalContainerEntityManagerFactoryBean ::-> Initialized JPA EntityManagerFactory for persistence unit 'default' Initialized JPA EntityManagerFactory for persistence unit 'default'
>>08-08-2023 09:39:54 [restartedMain] WARN  o.s.b.a.o.j.JpaBaseConfiguration$JpaWebConfiguration ::-> spring.jpa.open-in-view is enabled by default. Therefore, database queries may be performed during view rendering. Explicitly configure spring.jpa.open-in-view to disable this warning spring.jpa.open-in-view is enabled by default. Therefore, database queries may be performed during view rendering. Explicitly configure spring.jpa.open-in-view to disable this warning
>>08-08-2023 09:39:54 [restartedMain] INFO  o.s.b.d.a.OptionalLiveReloadServer       ::-> LiveReload server is running on port 35729 LiveReload server is running on port 35729
>>08-08-2023 09:39:54 [restartedMain] INFO  o.s.b.w.embedded.tomcat.TomcatWebServer  ::-> Tomcat started on port(s): 8081 (http) with context path '/oreillyapp' Tomcat started on port(s): 8081 (http) with context path '/oreillyapp'
>>08-08-2023 09:39:54 [restartedMain] INFO  c.p.b.OreillyFullStackAppBakApplication  ::-> Started OreillyFullStackAppBakApplication in 0.544 seconds (process running for 662.975) Started OreillyFullStackAppBakApplication in 0.544 seconds (process running for 662.975)
>>08-08-2023 09:39:54 [restartedMain] INFO  o.s.b.d.a.ConditionEvaluationDeltaLoggingListener ::-> Condition evaluation unchanged Condition evaluation unchanged
>>08-08-2023 09:39:54 [restartedMain] INFO  c.p.b.OreillyFullStackAppBakApplication  ::-> ************************************************* *************************************************
>>08-08-2023 09:39:54 [restartedMain] INFO  c.p.b.OreillyFullStackAppBakApplication  ::-> bak app started bak app started
>>08-08-2023 09:39:54 [restartedMain] INFO  c.p.b.OreillyFullStackAppBakApplication  ::-> ************************************************* *************************************************
>>08-08-2023 09:40:35 [RMI TCP Connection(25)-127.0.0.1] INFO  o.s.b.a.SpringApplicationAdminMXBeanRegistrar$SpringApplicationAdmin ::-> Application shutdown requested. Application shutdown requested.
>>08-08-2023 09:40:35 [RMI TCP Connection(25)-127.0.0.1] INFO  o.apache.catalina.core.StandardService   ::-> Stopping service [Tomcat] Stopping service [Tomcat]
>>08-08-2023 09:40:35 [RMI TCP Connection(25)-127.0.0.1] INFO  o.s.o.j.LocalContainerEntityManagerFactoryBean ::-> Closing JPA EntityManagerFactory for persistence unit 'default' Closing JPA EntityManagerFactory for persistence unit 'default'
>>08-08-2023 09:40:35 [RMI TCP Connection(25)-127.0.0.1] INFO  com.zaxxer.hikari.HikariDataSource       ::-> fullstackdb - Shutdown initiated... fullstackdb - Shutdown initiated...
>>08-08-2023 09:40:35 [RMI TCP Connection(25)-127.0.0.1] INFO  com.zaxxer.hikari.HikariDataSource       ::-> fullstackdb - Shutdown completed. fullstackdb - Shutdown completed.
>>08-08-2023 09:40:37 [restartedMain] INFO  c.p.b.OreillyFullStackAppBakApplication  ::-> Starting OreillyFullStackAppBakApplication using Java 17.0.7 with PID 26160 (C:\Users\pandi\codeWorkspace\SPRINGPROJECTS\OreillyFullStackSpringReactApp\OreillyFullStackAppBak\target\classes started by pandi in C:\Users\pandi\codeWorkspace\SPRINGPROJECTS\OreillyFullStackSpringReactApp\OreillyFullStackAppBak) Starting OreillyFullStackAppBakApplication using Java 17.0.7 with PID 26160 (C:\Users\pandi\codeWorkspace\SPRINGPROJECTS\OreillyFullStackSpringReactApp\OreillyFullStackAppBak\target\classes started by pandi in C:\Users\pandi\codeWorkspace\SPRINGPROJECTS\OreillyFullStackSpringReactApp\OreillyFullStackAppBak)
>>08-08-2023 09:40:37 [restartedMain] INFO  c.p.b.OreillyFullStackAppBakApplication  ::-> No active profile set, falling back to 1 default profile: "default" No active profile set, falling back to 1 default profile: "default"
>>08-08-2023 09:40:37 [restartedMain] INFO  o.s.b.d.e.DevToolsPropertyDefaultsPostProcessor ::-> Devtools property defaults active! Set 'spring.devtools.add-properties' to 'false' to disable Devtools property defaults active! Set 'spring.devtools.add-properties' to 'false' to disable
>>08-08-2023 09:40:37 [restartedMain] INFO  o.s.b.d.e.DevToolsPropertyDefaultsPostProcessor ::-> For additional web related logging consider setting the 'logging.level.web' property to 'DEBUG' For additional web related logging consider setting the 'logging.level.web' property to 'DEBUG'
>>08-08-2023 09:40:38 [restartedMain] INFO  o.s.d.r.c.RepositoryConfigurationDelegate ::-> Bootstrapping Spring Data JPA repositories in DEFAULT mode. Bootstrapping Spring Data JPA repositories in DEFAULT mode.
>>08-08-2023 09:40:38 [restartedMain] INFO  o.s.d.r.c.RepositoryConfigurationDelegate ::-> Finished Spring Data repository scanning in 12 ms. Found 0 JPA repository interfaces. Finished Spring Data repository scanning in 12 ms. Found 0 JPA repository interfaces.
>>08-08-2023 09:40:38 [restartedMain] INFO  o.s.b.w.embedded.tomcat.TomcatWebServer  ::-> Tomcat initialized with port(s): 8081 (http) Tomcat initialized with port(s): 8081 (http)
>>08-08-2023 09:40:38 [restartedMain] INFO  o.apache.coyote.http11.Http11NioProtocol ::-> Initializing ProtocolHandler ["http-nio-8081"] Initializing ProtocolHandler ["http-nio-8081"]
>>08-08-2023 09:40:38 [restartedMain] INFO  o.apache.catalina.core.StandardService   ::-> Starting service [Tomcat] Starting service [Tomcat]
>>08-08-2023 09:40:38 [restartedMain] INFO  org.apache.catalina.core.StandardEngine  ::-> Starting Servlet engine: [Apache Tomcat/10.1.11] Starting Servlet engine: [Apache Tomcat/10.1.11]
>>08-08-2023 09:40:38 [restartedMain] INFO  o.a.c.c.C.[.[localhost].[/oreillyapp]    ::-> Initializing Spring embedded WebApplicationContext Initializing Spring embedded WebApplicationContext
>>08-08-2023 09:40:38 [restartedMain] INFO  o.s.b.w.s.c.ServletWebServerApplicationContext ::-> Root WebApplicationContext: initialization completed in 1075 ms Root WebApplicationContext: initialization completed in 1075 ms
>>08-08-2023 09:40:38 [restartedMain] INFO  o.hibernate.jpa.internal.util.LogHelper  ::-> HHH000204: Processing PersistenceUnitInfo [name: default] HHH000204: Processing PersistenceUnitInfo [name: default]
>>08-08-2023 09:40:38 [restartedMain] INFO  org.hibernate.Version                    ::-> HHH000412: Hibernate ORM core version 6.2.6.Final HHH000412: Hibernate ORM core version 6.2.6.Final
>>08-08-2023 09:40:38 [restartedMain] INFO  org.hibernate.cfg.Environment            ::-> HHH000406: Using bytecode reflection optimizer HHH000406: Using bytecode reflection optimizer
>>08-08-2023 09:40:39 [restartedMain] INFO  o.h.b.internal.BytecodeProviderInitiator ::-> HHH000021: Bytecode provider name : bytebuddy HHH000021: Bytecode provider name : bytebuddy
>>08-08-2023 09:40:39 [restartedMain] INFO  o.s.o.j.p.SpringPersistenceUnitInfo      ::-> No LoadTimeWeaver setup: ignoring JPA class transformer No LoadTimeWeaver setup: ignoring JPA class transformer
>>08-08-2023 09:40:39 [restartedMain] INFO  com.zaxxer.hikari.HikariDataSource       ::-> fullstackdb - Starting... fullstackdb - Starting...
>>08-08-2023 09:40:39 [restartedMain] INFO  com.zaxxer.hikari.pool.HikariPool        ::-> fullstackdb - Added connection org.postgresql.jdbc.PgConnection@29e6fc0f fullstackdb - Added connection org.postgresql.jdbc.PgConnection@29e6fc0f
>>08-08-2023 09:40:39 [restartedMain] INFO  com.zaxxer.hikari.HikariDataSource       ::-> fullstackdb - Start completed. fullstackdb - Start completed.
>>08-08-2023 09:40:39 [restartedMain] INFO  o.h.b.internal.BytecodeProviderInitiator ::-> HHH000021: Bytecode provider name : bytebuddy HHH000021: Bytecode provider name : bytebuddy
>>08-08-2023 09:40:39 [restartedMain] INFO  o.h.e.t.j.p.i.JtaPlatformInitiator       ::-> HHH000490: Using JtaPlatform implementation: [org.hibernate.engine.transaction.jta.platform.internal.NoJtaPlatform] HHH000490: Using JtaPlatform implementation: [org.hibernate.engine.transaction.jta.platform.internal.NoJtaPlatform]
>>08-08-2023 09:40:39 [restartedMain] INFO  o.s.o.j.LocalContainerEntityManagerFactoryBean ::-> Initialized JPA EntityManagerFactory for persistence unit 'default' Initialized JPA EntityManagerFactory for persistence unit 'default'
>>08-08-2023 09:40:39 [restartedMain] WARN  o.s.b.a.o.j.JpaBaseConfiguration$JpaWebConfiguration ::-> spring.jpa.open-in-view is enabled by default. Therefore, database queries may be performed during view rendering. Explicitly configure spring.jpa.open-in-view to disable this warning spring.jpa.open-in-view is enabled by default. Therefore, database queries may be performed during view rendering. Explicitly configure spring.jpa.open-in-view to disable this warning
>>08-08-2023 09:40:39 [restartedMain] INFO  o.s.b.d.a.OptionalLiveReloadServer       ::-> LiveReload server is running on port 35729 LiveReload server is running on port 35729
>>08-08-2023 09:40:39 [restartedMain] INFO  o.apache.coyote.http11.Http11NioProtocol ::-> Starting ProtocolHandler ["http-nio-8081"] Starting ProtocolHandler ["http-nio-8081"]
>>08-08-2023 09:40:40 [restartedMain] INFO  o.s.b.w.embedded.tomcat.TomcatWebServer  ::-> Tomcat started on port(s): 8081 (http) with context path '/oreillyapp' Tomcat started on port(s): 8081 (http) with context path '/oreillyapp'
>>08-08-2023 09:40:40 [restartedMain] INFO  c.p.b.OreillyFullStackAppBakApplication  ::-> Started OreillyFullStackAppBakApplication in 2.813 seconds (process running for 3.447) Started OreillyFullStackAppBakApplication in 2.813 seconds (process running for 3.447)
>>08-08-2023 09:40:40 [restartedMain] INFO  c.p.b.OreillyFullStackAppBakApplication  ::-> ************************************************* *************************************************
>>08-08-2023 09:40:40 [restartedMain] INFO  c.p.b.OreillyFullStackAppBakApplication  ::-> bak app started bak app started
>>08-08-2023 09:40:40 [restartedMain] INFO  c.p.b.OreillyFullStackAppBakApplication  ::-> ************************************************* *************************************************
